# JRE version: OpenJDK Runtime Environment (8.0_112-b06) (build 1.8.0_112-release-b06)
# Java VM: OpenJDK 64-Bit Server VM (25.112-b06 mixed mode windows-amd64 compressed oops)
Heap:
 PSYoungGen      total 464384K, used 461128K [0x00000000e0000000, 0x00000000ff480000, 0x0000000100000000)
  eden space 437760K, 100% used [0x00000000e0000000,0x00000000fab80000,0x00000000fab80000)
  from space 26624K, 87% used [0x00000000fda80000,0x00000000ff1523d0,0x00000000ff480000)
  to   space 37376K, 77% used [0x00000000fab80000,0x00000000fc7f2388,0x00000000fd000000)
 ParOldGen       total 284672K, used 44104K [0x00000000a0000000, 0x00000000b1600000, 0x00000000e0000000)
  object space 284672K, 15% used [0x00000000a0000000,0x00000000a2b12328,0x00000000b1600000)
 Metaspace       used 76580K, capacity 80733K, committed 80896K, reserved 1120256K
  class space    used 9747K, capacity 10438K, committed 10496K, reserved 1048576K
GC Heap History (10 events):
Event: 27.949 GC heap after
Heap after GC invocations=11 (full 3):
 PSYoungGen      total 485888K, used 27283K [0x00000000e0000000, 0x0000000100000000, 0x0000000100000000)
  eden space 451584K, 0% used [0x00000000e0000000,0x00000000e0000000,0x00000000fb900000)
  from space 34304K, 79% used [0x00000000fde80000,0x00000000ff924ea0,0x0000000100000000)
  to   space 36352K, 0% used [0x00000000fb900000,0x00000000fb900000,0x00000000fdc80000)
 ParOldGen       total 284672K, used 44056K [0x00000000a0000000, 0x00000000b1600000, 0x00000000e0000000)
  object space 284672K, 15% used [0x00000000a0000000,0x00000000a2b06328,0x00000000b1600000)
 Metaspace       used 61686K, capacity 64207K, committed 64256K, reserved 1105920K
  class space    used 8156K, capacity 8661K, committed 8704K, reserved 1048576K
}
Event: 1369.875 GC heap before
{Heap before GC invocations=12 (full 3):
 PSYoungGen      total 485888K, used 478867K [0x00000000e0000000, 0x0000000100000000, 0x0000000100000000)
  eden space 451584K, 100% used [0x00000000e0000000,0x00000000fb900000,0x00000000fb900000)
  from space 34304K, 79% used [0x00000000fde80000,0x00000000ff924ea0,0x0000000100000000)
  to   space 36352K, 0% used [0x00000000fb900000,0x00000000fb900000,0x00000000fdc80000)
 ParOldGen       total 284672K, used 44056K [0x00000000a0000000, 0x00000000b1600000, 0x00000000e0000000)
  object space 284672K, 15% used [0x00000000a0000000,0x00000000a2b06328,0x00000000b1600000)
 Metaspace       used 63622K, capacity 66635K, committed 66688K, reserved 1107968K
  class space    used 8286K, capacity 8831K, committed 8832K, reserved 1048576K
Event: 1370.012 GC heap after
Heap after GC invocations=12 (full 3):
 PSYoungGen      total 487936K, used 20565K [0x00000000e0000000, 0x0000000100000000, 0x0000000100000000)
  eden space 451584K, 0% used [0x00000000e0000000,0x00000000e0000000,0x00000000fb900000)
  from space 36352K, 56% used [0x00000000fb900000,0x00000000fcd154a0,0x00000000fdc80000)
  to   space 35328K, 0% used [0x00000000fdd80000,0x00000000fdd80000,0x0000000100000000)
 ParOldGen       total 284672K, used 44064K [0x00000000a0000000, 0x00000000b1600000, 0x00000000e0000000)
  object space 284672K, 15% used [0x00000000a0000000,0x00000000a2b08328,0x00000000b1600000)
 Metaspace       used 63622K, capacity 66635K, committed 66688K, reserved 1107968K
  class space    used 8286K, capacity 8831K, committed 8832K, reserved 1048576K
}
Event: 1389.078 GC heap before
{Heap before GC invocations=13 (full 3):
 PSYoungGen      total 487936K, used 472149K [0x00000000e0000000, 0x0000000100000000, 0x0000000100000000)
  eden space 451584K, 100% used [0x00000000e0000000,0x00000000fb900000,0x00000000fb900000)
  from space 36352K, 56% used [0x00000000fb900000,0x00000000fcd154a0,0x00000000fdc80000)
  to   space 35328K, 0% used [0x00000000fdd80000,0x00000000fdd80000,0x0000000100000000)
 ParOldGen       total 284672K, used 44064K [0x00000000a0000000, 0x00000000b1600000, 0x00000000e0000000)
  object space 284672K, 15% used [0x00000000a0000000,0x00000000a2b08328,0x00000000b1600000)
 Metaspace       used 69206K, capacity 72495K, committed 72576K, reserved 1112064K
  class space    used 8929K, capacity 9537K, committed 9600K, reserved 1048576K
Event: 1389.153 GC heap after
Heap after GC invocations=13 (full 3):
 PSYoungGen      total 486912K, used 24061K [0x00000000e0000000, 0x00000000fff00000, 0x0000000100000000)
  eden space 452608K, 0% used [0x00000000e0000000,0x00000000e0000000,0x00000000fba00000)
  from space 34304K, 70% used [0x00000000fdd80000,0x00000000ff4ff7b8,0x00000000fff00000)
  to   space 35328K, 0% used [0x00000000fba00000,0x00000000fba00000,0x00000000fdc80000)
 ParOldGen       total 284672K, used 44080K [0x00000000a0000000, 0x00000000b1600000, 0x00000000e0000000)
  object space 284672K, 15% used [0x00000000a0000000,0x00000000a2b0c328,0x00000000b1600000)
 Metaspace       used 69206K, capacity 72495K, committed 72576K, reserved 1112064K
  class space    used 8929K, capacity 9537K, committed 9600K, reserved 1048576K
}
Event: 2876.064 GC heap before
{Heap before GC invocations=14 (full 3):
 PSYoungGen      total 486912K, used 476111K [0x00000000e0000000, 0x00000000fff00000, 0x0000000100000000)
  eden space 452608K, 99% used [0x00000000e0000000,0x00000000fb974638,0x00000000fba00000)
  from space 34304K, 70% used [0x00000000fdd80000,0x00000000ff4ff7b8,0x00000000fff00000)
  to   space 35328K, 0% used [0x00000000fba00000,0x00000000fba00000,0x00000000fdc80000)
 ParOldGen       total 284672K, used 44080K [0x00000000a0000000, 0x00000000b1600000, 0x00000000e0000000)
  object space 284672K, 15% used [0x00000000a0000000,0x00000000a2b0c328,0x00000000b1600000)
 Metaspace       used 71040K, capacity 74773K, committed 74880K, reserved 1114112K
  class space    used 9171K, capacity 9810K, committed 9856K, reserved 1048576K
Event: 2876.244 GC heap after
Heap after GC invocations=14 (full 3):
 PSYoungGen      total 484864K, used 32240K [0x00000000e0000000, 0x0000000100000000, 0x0000000100000000)
  eden space 452608K, 0% used [0x00000000e0000000,0x00000000e0000000,0x00000000fba00000)
  from space 32256K, 99% used [0x00000000fba00000,0x00000000fd97c1d8,0x00000000fd980000)
  to   space 38400K, 0% used [0x00000000fda80000,0x00000000fda80000,0x0000000100000000)
 ParOldGen       total 284672K, used 44088K [0x00000000a0000000, 0x00000000b1600000, 0x00000000e0000000)
  object space 284672K, 15% used [0x00000000a0000000,0x00000000a2b0e328,0x00000000b1600000)
 Metaspace       used 71040K, capacity 74773K, committed 74880K, reserved 1114112K
  class space    used 9171K, capacity 9810K, committed 9856K, reserved 1048576K
}
Event: 2881.127 GC heap before
{Heap before GC invocations=15 (full 3):
 PSYoungGen      total 484864K, used 484171K [0x00000000e0000000, 0x0000000100000000, 0x0000000100000000)
  eden space 452608K, 99% used [0x00000000e0000000,0x00000000fb956d28,0x00000000fba00000)
  from space 32256K, 99% used [0x00000000fba00000,0x00000000fd97c1d8,0x00000000fd980000)
  to   space 38400K, 0% used [0x00000000fda80000,0x00000000fda80000,0x0000000100000000)
 ParOldGen       total 284672K, used 44088K [0x00000000a0000000, 0x00000000b1600000, 0x00000000e0000000)
  object space 284672K, 15% used [0x00000000a0000000,0x00000000a2b0e328,0x00000000b1600000)
 Metaspace       used 75815K, capacity 79763K, committed 80000K, reserved 1118208K
  class space    used 9664K, capacity 10351K, committed 10368K, reserved 1048576K
Event: 2881.159 GC heap after
Heap after GC invocations=15 (full 3):
 PSYoungGen      total 464384K, used 23368K [0x00000000e0000000, 0x00000000ff480000, 0x0000000100000000)
  eden space 437760K, 0% used [0x00000000e0000000,0x00000000e0000000,0x00000000fab80000)
  from space 26624K, 87% used [0x00000000fda80000,0x00000000ff1523d0,0x00000000ff480000)
  to   space 37376K, 0% used [0x00000000fab80000,0x00000000fab80000,0x00000000fd000000)
 ParOldGen       total 284672K, used 44096K [0x00000000a0000000, 0x00000000b1600000, 0x00000000e0000000)
  object space 284672K, 15% used [0x00000000a0000000,0x00000000a2b10328,0x00000000b1600000)
 Metaspace       used 75815K, capacity 79763K, committed 80000K, reserved 1118208K
  class space    used 9664K, capacity 10351K, committed 10368K, reserved 1048576K
}
Event: 3298.596 GC heap before
{Heap before GC invocations=16 (full 3):
 PSYoungGen      total 464384K, used 461128K [0x00000000e0000000, 0x00000000ff480000, 0x0000000100000000)
  eden space 437760K, 100% used [0x00000000e0000000,0x00000000fab80000,0x00000000fab80000)
  from space 26624K, 87% used [0x00000000fda80000,0x00000000ff1523d0,0x00000000ff480000)
  to   space 37376K, 0% used [0x00000000fab80000,0x00000000fab80000,0x00000000fd000000)
 ParOldGen       total 284672K, used 44096K [0x00000000a0000000, 0x00000000b1600000, 0x00000000e0000000)
  object space 284672K, 15% used [0x00000000a0000000,0x00000000a2b10328,0x00000000b1600000)
 Metaspace       used 76580K, capacity 80733K, committed 80896K, reserved 1120256K
  class space    used 9747K, capacity 10438K, committed 10496K, reserved 1048576K

